<?xml version="1.0" encoding="UTF-8"?>
<!-- Generated by org.testng.reporters.JUnitXMLReporter -->
<testsuite hostname="DESKTOP-Q3G34CD" failures="0" tests="4" name="Test" time="202.232" errors="0" timestamp="21 Jun 2021 10:02:41 GMT">
  <testcase classname="Academy.E2EProject.HomePage" name="basePageNavigation" time="67.693"/>
  <testcase classname="Academy.E2EProject.HomePage" name="basePageNavigation" time="30.824"/>
  <testcase classname="Academy.E2EProject.ValidateNavBar" name="basePageNavigation" time="1.09"/>
  <testcase classname="Academy.E2EProject.ValidateTitle" name="basePageNavigation" time="0.25"/>
</testsuite> <!-- Test -->
